c:\users\emera\source\repos\gltchium\bin-int\debug-windows-x86_64\gltchium\gltchium.pch
c:\users\emera\source\repos\gltchium\bin-int\debug-windows-x86_64\gltchium\vc142.pdb
c:\users\emera\source\repos\gltchium\bin-int\debug-windows-x86_64\gltchium\vc142.idb
c:\users\emera\source\repos\gltchium\bin-int\debug-windows-x86_64\gltchium\gcpch.obj
c:\users\emera\source\repos\gltchium\bin-int\debug-windows-x86_64\gltchium\log.obj
c:\users\emera\source\repos\gltchium\bin-int\debug-windows-x86_64\gltchium\application.obj
c:\users\emera\source\repos\gltchium\bin\debug-windows-x86_64\gltchium\gltchium.lib
c:\users\emera\source\repos\gltchium\bin\debug-windows-x86_64\gltchium\gltchium.exp
c:\users\emera\source\repos\gltchium\bin\debug-windows-x86_64\gltchium\gltchium.dll
c:\users\emera\source\repos\gltchium\bin-int\debug-windows-x86_64\gltchium\gltchium.ilk
c:\users\emera\source\repos\gltchium\bin\debug-windows-x86_64\gltchium\gltchium.pdb
c:\users\emera\source\repos\gltchium\bin-int\debug-windows-x86_64\gltchium\gltchium.tlog\cl.command.1.tlog
c:\users\emera\source\repos\gltchium\bin-int\debug-windows-x86_64\gltchium\gltchium.tlog\cl.read.1.tlog
c:\users\emera\source\repos\gltchium\bin-int\debug-windows-x86_64\gltchium\gltchium.tlog\cl.write.1.tlog
c:\users\emera\source\repos\gltchium\bin-int\debug-windows-x86_64\gltchium\gltchium.tlog\gltchium.write.1u.tlog
c:\users\emera\source\repos\gltchium\bin-int\debug-windows-x86_64\gltchium\gltchium.tlog\link.10064.delete.1.tlog
c:\users\emera\source\repos\gltchium\bin-int\debug-windows-x86_64\gltchium\gltchium.tlog\link.17256.delete.1.tlog
c:\users\emera\source\repos\gltchium\bin-int\debug-windows-x86_64\gltchium\gltchium.tlog\link.command.1.tlog
c:\users\emera\source\repos\gltchium\bin-int\debug-windows-x86_64\gltchium\gltchium.tlog\link.read.1.tlog
c:\users\emera\source\repos\gltchium\bin-int\debug-windows-x86_64\gltchium\gltchium.tlog\link.write.1.tlog
